2026-03-26T02:20:43.145086Z	Cloning repository...
2026-03-26T02:20:45.799158Z	From https://github.com/ceaserandrew/OasisBio
2026-03-26T02:20:45.799672Z	 * branch            771f3806cdb54daf16c9d165d680063af8a9227d -> FETCH_HEAD
2026-03-26T02:20:45.799776Z	
2026-03-26T02:20:46.822921Z	HEAD is now at 771f380 Update technical.md
2026-03-26T02:20:46.82329Z	
2026-03-26T02:20:46.868103Z	
2026-03-26T02:20:46.868583Z	Using v2 root directory strategy
2026-03-26T02:20:46.882917Z	Success: Finished cloning repository files
2026-03-26T02:20:49.316835Z	Checking for configuration in a Wrangler configuration file (BETA)
2026-03-26T02:20:49.31759Z	
2026-03-26T02:20:50.414206Z	No Wrangler configuration file found. Continuing.
2026-03-26T02:20:50.671579Z	Detected the following tools from environment: npm@10.9.2, nodejs@22.16.0
2026-03-26T02:20:50.67208Z	Installing project dependencies: npm clean-install --progress=false
2026-03-26T02:20:54.656584Z	npm warn deprecated rimraf@3.0.2: Rimraf versions prior to v4 are no longer supported
2026-03-26T02:20:55.693925Z	npm warn deprecated inflight@1.0.6: This module is not supported, and leaks memory. Do not use it. Check out lru-cache if you want a good and tested way to coalesce async requests by a key value, which is much more comprehensive and powerful.
2026-03-26T02:20:57.66346Z	npm warn deprecated @humanwhocodes/object-schema@2.0.3: Use @eslint/object-schema instead
2026-03-26T02:20:57.731485Z	npm warn deprecated @humanwhocodes/config-array@0.11.14: Use @eslint/config-array instead
2026-03-26T02:20:58.414277Z	npm warn deprecated glob@7.2.3: Old versions of glob are not supported, and contain widely publicized security vulnerabilities, which have been fixed in the current version. Please update. Support for old versions may be purchased (at exorbitant rates) by contacting i@izs.me
2026-03-26T02:20:59.071602Z	npm warn deprecated glob@10.3.10: Old versions of glob are not supported, and contain widely publicized security vulnerabilities, which have been fixed in the current version. Please update. Support for old versions may be purchased (at exorbitant rates) by contacting i@izs.me
2026-03-26T02:20:59.653341Z	npm warn deprecated @supabase/auth-helpers-nextjs@0.15.0: Package no longer supported. Contact Support at https://www.npmjs.com/support for more info.
2026-03-26T02:21:01.538161Z	npm warn deprecated eslint@8.57.0: This version is no longer supported. Please see https://eslint.org/version-support for other options.
2026-03-26T02:22:12.326435Z	npm warn deprecated next@14.1.4: This version has a security vulnerability. Please upgrade to a patched version. See https://nextjs.org/blog/security-update-2025-12-11 for more details.
2026-03-26T02:22:16.90658Z	
2026-03-26T02:22:16.906919Z	added 805 packages, and audited 806 packages in 1m
2026-03-26T02:22:16.906996Z	
2026-03-26T02:22:16.907099Z	250 packages are looking for funding
2026-03-26T02:22:16.907141Z	  run `npm fund` for details
2026-03-26T02:22:17.284811Z	
2026-03-26T02:22:17.285096Z	16 vulnerabilities (1 moderate, 14 high, 1 critical)
2026-03-26T02:22:17.285193Z	
2026-03-26T02:22:17.285252Z	To address issues that do not require attention, run:
2026-03-26T02:22:17.285324Z	  npm audit fix
2026-03-26T02:22:17.285386Z	
2026-03-26T02:22:17.285668Z	To address all issues (including breaking changes), run:
2026-03-26T02:22:17.285802Z	  npm audit fix --force
2026-03-26T02:22:17.286619Z	
2026-03-26T02:22:17.28679Z	Run `npm audit` for details.
2026-03-26T02:22:17.431439Z	Executing user command: npm run build
2026-03-26T02:22:17.69457Z	
2026-03-26T02:22:17.69488Z	> oasisbio@0.1.0 build
2026-03-26T02:22:17.694959Z	> next build
2026-03-26T02:22:17.695033Z	
2026-03-26T02:22:18.305043Z	⚠ No build cache found. Please configure build caching for faster rebuilds. Read more: https://nextjs.org/docs/messages/no-cache
2026-03-26T02:22:18.312961Z	Attention: Next.js now collects completely anonymous telemetry regarding usage.
2026-03-26T02:22:18.313336Z	This information is used to shape Next.js' roadmap and prioritize features.
2026-03-26T02:22:18.313611Z	You can learn more, including how to opt-out if you'd not like to participate in this anonymous program, by visiting the following URL:
2026-03-26T02:22:18.31375Z	https://nextjs.org/telemetry
2026-03-26T02:22:18.313815Z	
2026-03-26T02:22:18.420731Z	   ▲ Next.js 14.1.4
2026-03-26T02:22:18.421027Z	
2026-03-26T02:22:18.497338Z	   Creating an optimized production build ...
2026-03-26T02:22:42.524487Z	 ✓ Compiled successfully
2026-03-26T02:22:42.525553Z	   Linting and checking validity of types ...
2026-03-26T02:22:52.192364Z	Failed to compile.
2026-03-26T02:22:52.192813Z	
2026-03-26T02:22:52.193083Z	./src/app/api/models/route.ts:53:9
2026-03-26T02:22:52.19317Z	Type error: Object literal may only specify known properties, and 'modelUrl' does not exist in type '(Without<ModelItemCreateInput, ModelItemUncheckedCreateInput> & ModelItemUncheckedCreateInput) | (Without<...> & ModelItemCreateInput)'.
2026-03-26T02:22:52.194835Z	
2026-03-26T02:22:52.194966Z	[0m [90m 51 |[39m       data[33m:[39m {[0m
2026-03-26T02:22:52.195129Z	[0m [90m 52 |[39m         name[33m,[39m[0m
2026-03-26T02:22:52.195214Z	[0m[31m[1m>[22m[39m[90m 53 |[39m         modelUrl[33m,[39m[0m
2026-03-26T02:22:52.195411Z	[0m [90m    |[39m         [31m[1m^[22m[39m[0m
2026-03-26T02:22:52.195511Z	[0m [90m 54 |[39m         previewUrl[33m,[39m[0m
2026-03-26T02:22:52.195592Z	[0m [90m 55 |[39m         oasisBioId[33m,[39m[0m
2026-03-26T02:22:52.19567Z	[0m [90m 56 |[39m         relatedWorldId[33m,[39m[0m
2026-03-26T02:22:52.436568Z	Failed: Error while executing user command. Exited with error code: 1
2026-03-26T02:22:52.449869Z	Failed: build command exited with code: 1
2026-03-26T02:22:53.872593Z	Failed: error occurred while running build command